<?xml version="1.0" encoding="UTF-8"?>
<!-- Generated by org.testng.reporters.JUnitReportReporter -->
<testsuite hostname="NAGRE" name="Google_Tests.TC_09_VerifyLoginToGmailTest" tests="1" failures="0" timestamp="22 Dec 2020 19:54:44 GMT" time="40.080" errors="0">
  <testcase name="VerifyGoogleLaunchingPage" time="40.080" classname="Google_Tests.TC_09_VerifyLoginToGmailTest"/>
</testsuite> <!-- Google_Tests.TC_09_VerifyLoginToGmailTest -->
