<?xml version="1.0" encoding="UTF-8"?>
<!-- Generated by org.testng.reporters.JUnitReportReporter -->
<testsuite hostname="NAGRE" name="Google_Tests.TC_06_OpenCloseBrowsers" tests="1" failures="0" timestamp="20 Dec 2020 06:07:00 GMT" time="4.066" errors="0">
  <testcase name="VerifyOpenAnsCloseBrowsers" time="4.066" classname="Google_Tests.TC_06_OpenCloseBrowsers"/>
</testsuite> <!-- Google_Tests.TC_06_OpenCloseBrowsers -->
